<?xml version="1.0" encoding="UTF-8"?>
<!-- Generated by org.testng.reporters.JUnitReportReporter -->
<testsuite hostname="LAPTOP-8MQGC505" failures="0" tests="1" name="SauceDemoLoginTest" time="3.730" errors="0" timestamp="2025-06-26T08:12:30 IST" skipped="0">
  <testcase classname="SauceDemoLoginTest" name="loginToSauceDemo" time="3.730"/>
  <system-out/>
</testsuite> <!-- SauceDemoLoginTest -->
