<?xml version="1.0" encoding="UTF-8"?>
<!-- Generated by org.testng.reporters.JUnitReportReporter -->
<testsuite hostname="LAPTOP-8MQGC505" failures="0" tests="2" name="test_cases.login_test" time="10.431" errors="0" timestamp="2024-12-08T15:01:43 IST" skipped="0">
  <testcase classname="test_cases.login_test" name="userlogin" time="5.693"/>
  <testcase classname="test_cases.login_test" name="failuser" time="4.738"/>
</testsuite> <!-- test_cases.login_test -->
