<?xml version="1.0" encoding="UTF-8"?>
<!-- Generated by org.testng.reporters.JUnitReportReporter -->
<testsuite hostname="LAPTOP-8MQGC505" failures="0" tests="1" name="test_cases.login_test" time="9.800" errors="0" timestamp="2024-12-08T14:37:42 IST" skipped="0">
  <testcase classname="test_cases.login_test" name="userlogin" time="9.800"/>
</testsuite> <!-- test_cases.login_test -->
